0 info it worked if it ends with ok
1 verbose cli [ '/home/linli/.nvm/versions/node/v7.1.0/bin/node',
1 verbose cli   '/home/linli/.nvm/versions/node/v7.1.0/bin/npm',
1 verbose cli   'run',
1 verbose cli   'serve' ]
2 info using npm@3.10.9
3 info using node@v7.1.0
4 verbose run-script [ 'preserve', 'serve', 'postserve' ]
5 info lifecycle music_sever@1.0.0~preserve: music_sever@1.0.0
6 silly lifecycle music_sever@1.0.0~preserve: no script for preserve, continuing
7 info lifecycle music_sever@1.0.0~serve: music_sever@1.0.0
8 verbose lifecycle music_sever@1.0.0~serve: unsafe-perm in lifecycle true
9 verbose lifecycle music_sever@1.0.0~serve: PATH: /home/linli/.nvm/versions/node/v7.1.0/lib/node_modules/npm/bin/node-gyp-bin:/home/linli/project/music_server/node_modules/.bin:/home/linli/.nvm/versions/node/v7.1.0/bin:/home/linli/bin:/home/linli/.local/bin:/usr/local/sbin:/usr/local/bin:/usr/sbin:/usr/bin:/sbin:/bin:/usr/games:/usr/local/games:/snap/bin
10 verbose lifecycle music_sever@1.0.0~serve: CWD: /home/linli/project/music_server
11 silly lifecycle music_sever@1.0.0~serve: Args: [ '-c', 'node src/app.js' ]
12 silly lifecycle music_sever@1.0.0~serve: Returned: code: 1  signal: null
13 info lifecycle music_sever@1.0.0~serve: Failed to exec serve script
14 verbose stack Error: music_sever@1.0.0 serve: `node src/app.js`
14 verbose stack Exit status 1
14 verbose stack     at EventEmitter.<anonymous> (/home/linli/.nvm/versions/node/v7.1.0/lib/node_modules/npm/lib/utils/lifecycle.js:255:16)
14 verbose stack     at emitTwo (events.js:106:13)
14 verbose stack     at EventEmitter.emit (events.js:191:7)
14 verbose stack     at ChildProcess.<anonymous> (/home/linli/.nvm/versions/node/v7.1.0/lib/node_modules/npm/lib/utils/spawn.js:40:14)
14 verbose stack     at emitTwo (events.js:106:13)
14 verbose stack     at ChildProcess.emit (events.js:191:7)
14 verbose stack     at maybeClose (internal/child_process.js:885:16)
14 verbose stack     at Process.ChildProcess._handle.onexit (internal/child_process.js:226:5)
15 verbose pkgid music_sever@1.0.0
16 verbose cwd /home/linli/project/music_server
17 error Linux 4.4.0-71-generic
18 error argv "/home/linli/.nvm/versions/node/v7.1.0/bin/node" "/home/linli/.nvm/versions/node/v7.1.0/bin/npm" "run" "serve"
19 error node v7.1.0
20 error npm  v3.10.9
21 error code ELIFECYCLE
22 error music_sever@1.0.0 serve: `node src/app.js`
22 error Exit status 1
23 error Failed at the music_sever@1.0.0 serve script 'node src/app.js'.
23 error Make sure you have the latest version of node.js and npm installed.
23 error If you do, this is most likely a problem with the music_sever package,
23 error not with npm itself.
23 error Tell the author that this fails on your system:
23 error     node src/app.js
23 error You can get information on how to open an issue for this project with:
23 error     npm bugs music_sever
23 error Or if that isn't available, you can get their info via:
23 error     npm owner ls music_sever
23 error There is likely additional logging output above.
24 verbose exit [ 1, true ]
